app/build/intermediates/manifest_merge_blame_file/debug/manifest-merger-blame-debug-report.txt
1<?xml version="1.0" encoding="utf-8"?>
2<manifest xmlns:android="http://schemas.android.com/apk/res/android"
3    package="com.deasystem.googlebooksselbetti"
4    android:versionCode="1"
5    android:versionName="1.0" >
6
7    <uses-sdk
8        android:minSdkVersion="21"
8-->src\main\AndroidManifest.xml
9        android:targetSdkVersion="29" />
9-->src\main\AndroidManifest.xml
10
11    <uses-permission android:name="android.permission.INTERNET" />
11-->src\main\AndroidManifest.xml:5:5-67
11-->src\main\AndroidManifest.xml:5:22-64
12    <uses-permission android:name="android.permission.ACCESS_NETWORK_STATE" />
12-->src\main\AndroidManifest.xml:6:5-79
12-->src\main\AndroidManifest.xml:6:22-76
13
14    <application
14-->src\main\AndroidManifest.xml:8:5-29:19
15        android:allowBackup="true"
15-->src\main\AndroidManifest.xml:9:9-35
16        android:appComponentFactory="androidx.core.app.CoreComponentFactory"
16-->[androidx.core:core:1.1.0] AndroidManifest.xml:24:18-86
17        android:debuggable="true"
18        android:icon="@mipmap/ic_launcher_round"
18-->src\main\AndroidManifest.xml:10:9-49
19        android:label="@string/app_name"
19-->src\main\AndroidManifest.xml:11:9-41
20        android:networkSecurityConfig="@xml/network_security_config"
20-->src\main\AndroidManifest.xml:12:9-69
21        android:roundIcon="@mipmap/ic_launcher_round"
21-->src\main\AndroidManifest.xml:13:9-54
22        android:supportsRtl="true"
22-->src\main\AndroidManifest.xml:14:9-35
23        android:testOnly="true"
24        android:theme="@style/AppTheme" >
24-->src\main\AndroidManifest.xml:15:9-40
25        <activity android:name="com.deasystem.googlebooksselbetti.MainActivity" />
25-->src\main\AndroidManifest.xml:16:9-59
25-->src\main\AndroidManifest.xml:16:19-47
26        <activity android:name="com.deasystem.googlebooksselbetti.view.EbookActivity" />
26-->src\main\AndroidManifest.xml:17:9-56
26-->src\main\AndroidManifest.xml:17:19-53
27        <activity android:name="com.deasystem.googlebooksselbetti.view.FavoritosActivity" />
27-->src\main\AndroidManifest.xml:18:9-60
27-->src\main\AndroidManifest.xml:18:19-57
28        <activity
28-->src\main\AndroidManifest.xml:19:9-28:20
29            android:name="com.deasystem.googlebooksselbetti.view.MenuActivity"
29-->src\main\AndroidManifest.xml:20:13-46
30            android:label="@string/app_name"
30-->src\main\AndroidManifest.xml:21:13-45
31            android:theme="@style/AppTheme" >
31-->src\main\AndroidManifest.xml:22:13-44
32            <intent-filter>
32-->src\main\AndroidManifest.xml:23:13-27:29
33                <action android:name="android.intent.action.MAIN" />
33-->src\main\AndroidManifest.xml:24:17-69
33-->src\main\AndroidManifest.xml:24:25-66
34
35                <category android:name="android.intent.category.LAUNCHER" />
35-->src\main\AndroidManifest.xml:26:17-77
35-->src\main\AndroidManifest.xml:26:27-74
36            </intent-filter>
37        </activity>
38    </application>
39
40</manifest>